Arguments: 
  /Users/afronczak/.nvm/versions/node/v8.0.0/bin/node /usr/local/Cellar/yarn/1.2.1/libexec/bin/yarn.js add --dev cyrpess

PATH: 
  /Users/afronczak/.nvm/versions/node/v8.0.0/bin:/Users/afronczak/.asdf/bin:/Users/afronczak/.asdf/shims:/usr/local/bin:/usr/local/sbin:/usr/bin:/bin:/usr/sbin:/sbin:/Applications/Postgres.app/Contents/Versions/latest/bin:/Users/afronczak/.yadr/bin:/Users/afronczak/.yadr/bin/yadr

Yarn version: 
  1.2.1

Node version: 
  8.0.0

Platform: 
  darwin x64

npm manifest: 
  {
    "name": "cypress",
    "version": "1.0.0",
    "main": "index.js",
    "license": "MIT"
  }

yarn manifest: 
  No manifest

Lockfile: 
  No lockfile

Trace: 
  Error: https://registry.yarnpkg.com/cyrpess: Not found
      at Request.params.callback [as _callback] (/usr/local/Cellar/yarn/1.2.1/libexec/lib/cli.js:62027:18)
      at Request.self.callback (/usr/local/Cellar/yarn/1.2.1/libexec/lib/cli.js:123011:22)
      at emitTwo (events.js:125:13)
      at Request.emit (events.js:213:7)
      at Request.<anonymous> (/usr/local/Cellar/yarn/1.2.1/libexec/lib/cli.js:123994:10)
      at emitOne (events.js:115:13)
      at Request.emit (events.js:210:7)
      at IncomingMessage.<anonymous> (/usr/local/Cellar/yarn/1.2.1/libexec/lib/cli.js:123914:12)
      at Object.onceWrapper (events.js:312:19)
      at emitNone (events.js:110:20)
